android/app/build/intermediates/manifest_merge_blame_file/debug/processDebugMainManifest/manifest-merger-blame-debug-report.txt
1<?xml version="1.0" encoding="utf-8"?>
2<manifest xmlns:android="http://schemas.android.com/apk/res/android"
3    package="com.DainaApp"
4    android:versionCode="1"
5    android:versionName="1.0" >
6
7    <uses-sdk
8        android:minSdkVersion="26"
9        android:targetSdkVersion="35" />
10    <!-- Network -->
11    <uses-permission android:name="android.permission.INTERNET" />
11-->src/main/AndroidManifest.xml:6:7-69
11-->src/main/AndroidManifest.xml:6:24-66
12    <uses-permission android:name="android.permission.CAMERA" />
12-->src/main/AndroidManifest.xml:7:7-67
12-->src/main/AndroidManifest.xml:7:24-64
13
14    <uses-feature
14-->src/main/AndroidManifest.xml:8:7-87
15        android:name="android.hardware.camera"
15-->src/main/AndroidManifest.xml:8:21-59
16        android:required="false" />
16-->src/main/AndroidManifest.xml:8:60-84
17    <uses-feature
17-->src/main/AndroidManifest.xml:9:7-97
18        android:name="android.hardware.camera.autofocus"
18-->src/main/AndroidManifest.xml:9:21-69
19        android:required="false" />
19-->src/main/AndroidManifest.xml:9:70-94
20
21    <uses-permission android:name="android.permission.ACCESS_FINE_LOCATION" />
21-->src/main/AndroidManifest.xml:10:7-81
21-->src/main/AndroidManifest.xml:10:24-78
22    <uses-permission android:name="android.permission.ACCESS_COARSE_LOCATION" /> <!-- Storage / Media -->
22-->src/main/AndroidManifest.xml:11:7-83
22-->src/main/AndroidManifest.xml:11:24-80
23    <uses-permission android:name="android.permission.VIBRATE" />
23-->src/main/AndroidManifest.xml:13:7-68
23-->src/main/AndroidManifest.xml:13:24-65
24    <uses-permission android:name="android.permission.READ_MEDIA_IMAGES" />
24-->src/main/AndroidManifest.xml:14:8-79
24-->src/main/AndroidManifest.xml:14:25-76
25    <uses-permission android:name="android.permission.READ_MEDIA_VIDEO" /> <!-- Notifications & Phone -->
25-->src/main/AndroidManifest.xml:15:7-77
25-->src/main/AndroidManifest.xml:15:24-74
26    <uses-permission android:name="android.permission.POST_NOTIFICATIONS" />
26-->src/main/AndroidManifest.xml:17:7-79
26-->src/main/AndroidManifest.xml:17:24-76
27
28    <queries>
28-->[:react-native-webview] AndroidManifest.xml:7:5-17:15
29        <intent>
29-->[:react-native-webview] AndroidManifest.xml:8:9-10:18
30            <action android:name="org.chromium.intent.action.PAY" />
30-->[:react-native-webview] AndroidManifest.xml:9:13-69
30-->[:react-native-webview] AndroidManifest.xml:9:21-66
31        </intent>
32        <intent>
32-->[:react-native-webview] AndroidManifest.xml:11:9-13:18
33            <action android:name="org.chromium.intent.action.IS_READY_TO_PAY" />
33-->[:react-native-webview] AndroidManifest.xml:12:13-81
33-->[:react-native-webview] AndroidManifest.xml:12:21-78
34        </intent>
35        <intent>
35-->[:react-native-webview] AndroidManifest.xml:14:9-16:18
36            <action android:name="org.chromium.intent.action.UPDATE_PAYMENT_DETAILS" />
36-->[:react-native-webview] AndroidManifest.xml:15:13-88
36-->[:react-native-webview] AndroidManifest.xml:15:21-85
37        </intent>
38        <!-- Needs to be explicitly declared on Android R+ -->
39        <package android:name="com.google.android.apps.maps" />
39-->[com.google.android.gms:play-services-maps:18.2.0] AndroidManifest.xml:33:9-64
39-->[com.google.android.gms:play-services-maps:18.2.0] AndroidManifest.xml:33:18-61
40    </queries>
41
42    <uses-permission android:name="android.permission.ACCESS_NETWORK_STATE" />
42-->[:react-native-community_netinfo] AndroidManifest.xml:7:5-79
42-->[:react-native-community_netinfo] AndroidManifest.xml:7:22-76
43    <uses-permission android:name="android.permission.ACCESS_WIFI_STATE" />
43-->[:react-native-community_netinfo] AndroidManifest.xml:8:5-76
43-->[:react-native-community_netinfo] AndroidManifest.xml:8:22-73
44    <uses-permission android:name="android.permission.WAKE_LOCK" />
44-->[:react-native-firebase_messaging] AndroidManifest.xml:8:5-68
44-->[:react-native-firebase_messaging] AndroidManifest.xml:8:22-65
45    <!--
46    This manifest file is used only by Gradle to configure debug-only capabilities
47    for React Native Apps.
48    -->
49    <uses-permission android:name="android.permission.SYSTEM_ALERT_WINDOW" />
49-->[com.facebook.react:react-android:0.78.0] AndroidManifest.xml:16:5-78
49-->[com.facebook.react:react-android:0.78.0] AndroidManifest.xml:16:22-75
50    <uses-permission android:name="android.permission.RECEIVE_BOOT_COMPLETED" />
50-->[androidx.work:work-runtime:2.8.0] AndroidManifest.xml:25:5-81
50-->[androidx.work:work-runtime:2.8.0] AndroidManifest.xml:25:22-78
51    <uses-permission android:name="android.permission.FOREGROUND_SERVICE" />
51-->[androidx.work:work-runtime:2.8.0] AndroidManifest.xml:26:5-77
51-->[androidx.work:work-runtime:2.8.0] AndroidManifest.xml:26:22-74
52
53    <uses-feature
53-->[com.google.android.gms:play-services-maps:18.2.0] AndroidManifest.xml:26:5-28:35
54        android:glEsVersion="0x00020000"
54-->[com.google.android.gms:play-services-maps:18.2.0] AndroidManifest.xml:27:9-41
55        android:required="true" /> <!-- Required by older versions of Google Play services to create IID tokens -->
55-->[com.google.android.gms:play-services-maps:18.2.0] AndroidManifest.xml:28:9-32
56    <uses-permission android:name="com.google.android.c2dm.permission.RECEIVE" />
56-->[com.google.firebase:firebase-messaging:25.0.1] AndroidManifest.xml:26:5-82
56-->[com.google.firebase:firebase-messaging:25.0.1] AndroidManifest.xml:26:22-79
57
58    <permission
58-->[androidx.core:core:1.16.0] AndroidManifest.xml:22:5-24:47
59        android:name="com.DainaApp.DYNAMIC_RECEIVER_NOT_EXPORTED_PERMISSION"
59-->[androidx.core:core:1.16.0] AndroidManifest.xml:23:9-81
60        android:protectionLevel="signature" />
60-->[androidx.core:core:1.16.0] AndroidManifest.xml:24:9-44
61
62    <uses-permission android:name="com.DainaApp.DYNAMIC_RECEIVER_NOT_EXPORTED_PERMISSION" />
62-->[androidx.core:core:1.16.0] AndroidManifest.xml:26:5-97
62-->[androidx.core:core:1.16.0] AndroidManifest.xml:26:22-94
63    <uses-permission android:name="android.permission.SCHEDULE_EXACT_ALARM" />
63-->[app.notifee:core:202108261754] AndroidManifest.xml:16:5-79
63-->[app.notifee:core:202108261754] AndroidManifest.xml:16:22-76
64    <uses-permission
64-->[app.notifee:core:202108261754] AndroidManifest.xml:17:5-19:38
65        android:name="android.permission.BROADCAST_CLOSE_SYSTEM_DIALOGS"
65-->[app.notifee:core:202108261754] AndroidManifest.xml:18:9-73
66        android:maxSdkVersion="30" /> <!-- For Xiaomi devices to enable heads-up notifications as default (https://github.com/invertase/notifee/issues/296) -->
66-->[app.notifee:core:202108261754] AndroidManifest.xml:19:9-35
67    <uses-permission
67-->[app.notifee:core:202108261754] AndroidManifest.xml:21:5-23:38
68        android:name="android.permission.ACCESS_NOTIFICATION_POLICY"
68-->[app.notifee:core:202108261754] AndroidManifest.xml:22:9-69
69        android:minSdkVersion="23" />
69-->[app.notifee:core:202108261754] AndroidManifest.xml:23:9-35
70
71    <application
71-->src/main/AndroidManifest.xml:19:7-61:21
72        android:name="com.DainaApp.MainApplication"
72-->src/main/AndroidManifest.xml:20:9-40
73        android:allowBackup="false"
73-->src/main/AndroidManifest.xml:23:9-36
74        android:appComponentFactory="androidx.core.app.CoreComponentFactory"
74-->[androidx.core:core:1.16.0] AndroidManifest.xml:28:18-86
75        android:debuggable="true"
76        android:extractNativeLibs="false"
76-->src/main/AndroidManifest.xml:28:9-42
77        android:hardwareAccelerated="true"
77-->src/main/AndroidManifest.xml:24:9-43
78        android:icon="@mipmap/ic_launcher"
78-->src/main/AndroidManifest.xml:22:9-43
79        android:label="@string/app_name"
79-->src/main/AndroidManifest.xml:21:9-41
80        android:supportsRtl="true"
80-->src/main/AndroidManifest.xml:27:9-35
81        android:theme="@style/AppTheme"
81-->src/main/AndroidManifest.xml:25:9-40
82        android:usesCleartextTraffic="true" >
82-->src/main/AndroidManifest.xml:26:9-44
83        <meta-data
83-->src/main/AndroidManifest.xml:29:13-31:64
84            android:name="com.google.android.gms.version"
84-->src/main/AndroidManifest.xml:30:9-54
85            android:value="@integer/google_play_services_version" />
85-->src/main/AndroidManifest.xml:31:9-62
86        <meta-data
86-->src/main/AndroidManifest.xml:35:9-37:64
87            android:name="com.google.android.geo.API_KEY"
87-->src/main/AndroidManifest.xml:36:7-52
88            android:value="AIzaSyDgFGS91BvviXh_f-nmvtEggUHJcaGyUwA" /> <!-- Default Notification Channel -->
88-->src/main/AndroidManifest.xml:37:7-62
89        <meta-data
89-->src/main/AndroidManifest.xml:40:9-43:45
90            android:name="com.google.firebase.messaging.default_notification_channel_id"
90-->src/main/AndroidManifest.xml:41:13-89
91            android:value="delivery_orders_v2" />
91-->src/main/AndroidManifest.xml:42:13-47
92        <meta-data
92-->src/main/AndroidManifest.xml:44:9-47:48
93            android:name="com.google.firebase.messaging.default_notification_sound"
93-->src/main/AndroidManifest.xml:45:13-84
94            android:resource="@raw/ringtone_notification" />
94-->src/main/AndroidManifest.xml:46:13-58
95
96        <activity
96-->src/main/AndroidManifest.xml:48:9-60:20
97            android:name="com.DainaApp.MainActivity"
97-->src/main/AndroidManifest.xml:49:11-39
98            android:configChanges="keyboard|keyboardHidden|orientation|screenLayout|screenSize|smallestScreenSize|uiMode"
98-->src/main/AndroidManifest.xml:51:11-120
99            android:exported="true"
99-->src/main/AndroidManifest.xml:55:11-34
100            android:label="@string/app_name"
100-->src/main/AndroidManifest.xml:50:11-43
101            android:launchMode="singleTask"
101-->src/main/AndroidManifest.xml:52:11-42
102            android:screenOrientation="portrait"
102-->src/main/AndroidManifest.xml:54:35-71
103            android:windowSoftInputMode="adjustResize" >
103-->src/main/AndroidManifest.xml:53:11-53
104            <intent-filter>
104-->src/main/AndroidManifest.xml:56:11-59:27
105                <action android:name="android.intent.action.MAIN" />
105-->src/main/AndroidManifest.xml:57:15-67
105-->src/main/AndroidManifest.xml:57:23-64
106
107                <category android:name="android.intent.category.LAUNCHER" />
107-->src/main/AndroidManifest.xml:58:15-75
107-->src/main/AndroidManifest.xml:58:25-72
108            </intent-filter>
109        </activity>
110
111        <provider
111-->[:react-native-webview] AndroidManifest.xml:20:9-28:20
112            android:name="com.reactnativecommunity.webview.RNCWebViewFileProvider"
112-->[:react-native-webview] AndroidManifest.xml:21:13-83
113            android:authorities="com.DainaApp.fileprovider"
113-->[:react-native-webview] AndroidManifest.xml:22:13-64
114            android:exported="false"
114-->[:react-native-webview] AndroidManifest.xml:23:13-37
115            android:grantUriPermissions="true" >
115-->[:react-native-webview] AndroidManifest.xml:24:13-47
116            <meta-data
116-->[:react-native-webview] AndroidManifest.xml:25:13-27:63
117                android:name="android.support.FILE_PROVIDER_PATHS"
117-->[:react-native-webview] AndroidManifest.xml:26:17-67
118                android:resource="@xml/file_provider_paths" />
118-->[:react-native-webview] AndroidManifest.xml:27:17-60
119        </provider>
120        <provider
120-->[:notifee_react-native] AndroidManifest.xml:8:9-12:40
121            android:name="io.invertase.notifee.NotifeeInitProvider"
121-->[:notifee_react-native] AndroidManifest.xml:9:13-68
122            android:authorities="com.DainaApp.notifee-init-provider"
122-->[:notifee_react-native] AndroidManifest.xml:10:13-73
123            android:exported="false"
123-->[:notifee_react-native] AndroidManifest.xml:11:13-37
124            android:initOrder="-100" />
124-->[:notifee_react-native] AndroidManifest.xml:12:13-37
125
126        <service
126-->[:react-native-firebase_messaging] AndroidManifest.xml:12:9-14:40
127            android:name="io.invertase.firebase.messaging.ReactNativeFirebaseMessagingHeadlessService"
127-->[:react-native-firebase_messaging] AndroidManifest.xml:13:13-103
128            android:exported="false" />
128-->[:react-native-firebase_messaging] AndroidManifest.xml:14:13-37
129        <service
129-->[:react-native-firebase_messaging] AndroidManifest.xml:15:9-21:19
130            android:name="io.invertase.firebase.messaging.ReactNativeFirebaseMessagingService"
130-->[:react-native-firebase_messaging] AndroidManifest.xml:16:13-95
131            android:exported="false" >
131-->[:react-native-firebase_messaging] AndroidManifest.xml:17:13-37
132            <intent-filter>
132-->[:react-native-firebase_messaging] AndroidManifest.xml:18:13-20:29
133                <action android:name="com.google.firebase.MESSAGING_EVENT" />
133-->[:react-native-firebase_messaging] AndroidManifest.xml:19:17-78
133-->[:react-native-firebase_messaging] AndroidManifest.xml:19:25-75
134            </intent-filter>
135        </service>
136
137        <receiver
137-->[:react-native-firebase_messaging] AndroidManifest.xml:23:9-30:20
138            android:name="io.invertase.firebase.messaging.ReactNativeFirebaseMessagingReceiver"
138-->[:react-native-firebase_messaging] AndroidManifest.xml:24:13-96
139            android:exported="true"
139-->[:react-native-firebase_messaging] AndroidManifest.xml:25:13-36
140            android:permission="com.google.android.c2dm.permission.SEND" >
140-->[:react-native-firebase_messaging] AndroidManifest.xml:26:13-73
141            <intent-filter>
141-->[:react-native-firebase_messaging] AndroidManifest.xml:27:13-29:29
142                <action android:name="com.google.android.c2dm.intent.RECEIVE" />
142-->[:react-native-firebase_messaging] AndroidManifest.xml:28:17-81
142-->[:react-native-firebase_messaging] AndroidManifest.xml:28:25-78
143            </intent-filter>
144        </receiver>
145
146        <meta-data
146-->[:react-native-firebase_messaging] AndroidManifest.xml:32:9-34:37
147            android:name="delivery_metrics_exported_to_big_query_enabled"
147-->[:react-native-firebase_messaging] AndroidManifest.xml:33:13-74
148            android:value="false" />
148-->[:react-native-firebase_messaging] AndroidManifest.xml:34:13-34
149        <meta-data
149-->[:react-native-firebase_messaging] AndroidManifest.xml:35:9-37:36
150            android:name="firebase_messaging_auto_init_enabled"
150-->[:react-native-firebase_messaging] AndroidManifest.xml:36:13-64
151            android:value="true" />
151-->[:react-native-firebase_messaging] AndroidManifest.xml:37:13-33
152        <meta-data
152-->[:react-native-firebase_messaging] AndroidManifest.xml:38:9-40:37
153            android:name="firebase_messaging_notification_delegation_enabled"
153-->[:react-native-firebase_messaging] AndroidManifest.xml:39:13-78
154            android:value="false" />
154-->[:react-native-firebase_messaging] AndroidManifest.xml:40:13-34
155        <meta-data
155-->[:react-native-firebase_messaging] AndroidManifest.xml:44:9-46:47
156            android:name="com.google.firebase.messaging.default_notification_color"
156-->[:react-native-firebase_messaging] AndroidManifest.xml:45:13-84
157            android:resource="@color/white" />
157-->[:react-native-firebase_messaging] AndroidManifest.xml:46:13-44
158        <meta-data
158-->[:react-native-firebase_app] AndroidManifest.xml:9:9-11:36
159            android:name="app_data_collection_default_enabled"
159-->[:react-native-firebase_app] AndroidManifest.xml:10:13-63
160            android:value="true" />
160-->[:react-native-firebase_app] AndroidManifest.xml:11:13-33
161
162        <service
162-->[:react-native-firebase_app] AndroidManifest.xml:13:9-21:19
163            android:name="com.google.firebase.components.ComponentDiscoveryService"
163-->[:react-native-firebase_app] AndroidManifest.xml:14:13-84
164            android:directBootAware="true"
164-->[:react-native-firebase_app] AndroidManifest.xml:15:13-43
165            android:exported="false" >
165-->[:react-native-firebase_app] AndroidManifest.xml:16:13-37
166            <meta-data
166-->[:react-native-firebase_app] AndroidManifest.xml:18:13-20:85
167                android:name="com.google.firebase.components:io.invertase.firebase.app.ReactNativeFirebaseAppRegistrar"
167-->[:react-native-firebase_app] AndroidManifest.xml:19:17-120
168                android:value="com.google.firebase.components.ComponentRegistrar" />
168-->[:react-native-firebase_app] AndroidManifest.xml:20:17-82
169            <meta-data
169-->[com.google.firebase:firebase-messaging:25.0.1] AndroidManifest.xml:57:13-59:85
170                android:name="com.google.firebase.components:com.google.firebase.messaging.FirebaseMessagingKtxRegistrar"
170-->[com.google.firebase:firebase-messaging:25.0.1] AndroidManifest.xml:58:17-122
171                android:value="com.google.firebase.components.ComponentRegistrar" />
171-->[com.google.firebase:firebase-messaging:25.0.1] AndroidManifest.xml:59:17-82
172            <meta-data
172-->[com.google.firebase:firebase-messaging:25.0.1] AndroidManifest.xml:60:13-62:85
173                android:name="com.google.firebase.components:com.google.firebase.messaging.FirebaseMessagingRegistrar"
173-->[com.google.firebase:firebase-messaging:25.0.1] AndroidManifest.xml:61:17-119
174                android:value="com.google.firebase.components.ComponentRegistrar" />
174-->[com.google.firebase:firebase-messaging:25.0.1] AndroidManifest.xml:62:17-82
175            <meta-data
175-->[com.google.firebase:firebase-installations:19.1.0] AndroidManifest.xml:15:13-17:85
176                android:name="com.google.firebase.components:com.google.firebase.installations.FirebaseInstallationsKtxRegistrar"
176-->[com.google.firebase:firebase-installations:19.1.0] AndroidManifest.xml:16:17-130
177                android:value="com.google.firebase.components.ComponentRegistrar" />
177-->[com.google.firebase:firebase-installations:19.1.0] AndroidManifest.xml:17:17-82
178            <meta-data
178-->[com.google.firebase:firebase-installations:19.1.0] AndroidManifest.xml:18:13-20:85
179                android:name="com.google.firebase.components:com.google.firebase.installations.FirebaseInstallationsRegistrar"
179-->[com.google.firebase:firebase-installations:19.1.0] AndroidManifest.xml:19:17-127
180                android:value="com.google.firebase.components.ComponentRegistrar" />
180-->[com.google.firebase:firebase-installations:19.1.0] AndroidManifest.xml:20:17-82
181            <meta-data
181-->[com.google.firebase:firebase-common:22.0.1] AndroidManifest.xml:35:13-37:85
182                android:name="com.google.firebase.components:com.google.firebase.FirebaseCommonKtxRegistrar"
182-->[com.google.firebase:firebase-common:22.0.1] AndroidManifest.xml:36:17-109
183                android:value="com.google.firebase.components.ComponentRegistrar" />
183-->[com.google.firebase:firebase-common:22.0.1] AndroidManifest.xml:37:17-82
184            <meta-data
184-->[com.google.firebase:firebase-datatransport:18.2.0] AndroidManifest.xml:25:13-27:85
185                android:name="com.google.firebase.components:com.google.firebase.datatransport.TransportRegistrar"
185-->[com.google.firebase:firebase-datatransport:18.2.0] AndroidManifest.xml:26:17-115
186                android:value="com.google.firebase.components.ComponentRegistrar" />
186-->[com.google.firebase:firebase-datatransport:18.2.0] AndroidManifest.xml:27:17-82
187        </service>
188
189        <provider
189-->[:react-native-firebase_app] AndroidManifest.xml:23:9-27:38
190            android:name="io.invertase.firebase.app.ReactNativeFirebaseAppInitProvider"
190-->[:react-native-firebase_app] AndroidManifest.xml:24:13-88
191            android:authorities="com.DainaApp.reactnativefirebaseappinitprovider"
191-->[:react-native-firebase_app] AndroidManifest.xml:25:13-86
192            android:exported="false"
192-->[:react-native-firebase_app] AndroidManifest.xml:26:13-37
193            android:initOrder="99" />
193-->[:react-native-firebase_app] AndroidManifest.xml:27:13-35
194        <provider
194-->[:react-native-image-picker] AndroidManifest.xml:8:9-16:20
195            android:name="com.imagepicker.ImagePickerProvider"
195-->[:react-native-image-picker] AndroidManifest.xml:9:13-63
196            android:authorities="com.DainaApp.imagepickerprovider"
196-->[:react-native-image-picker] AndroidManifest.xml:10:13-71
197            android:exported="false"
197-->[:react-native-image-picker] AndroidManifest.xml:11:13-37
198            android:grantUriPermissions="true" >
198-->[:react-native-image-picker] AndroidManifest.xml:12:13-47
199            <meta-data
199-->[:react-native-webview] AndroidManifest.xml:25:13-27:63
200                android:name="android.support.FILE_PROVIDER_PATHS"
200-->[:react-native-webview] AndroidManifest.xml:26:17-67
201                android:resource="@xml/imagepicker_provider_paths" />
201-->[:react-native-webview] AndroidManifest.xml:27:17-60
202        </provider>
203
204        <activity
204-->[com.facebook.react:react-android:0.78.0] AndroidManifest.xml:19:9-21:40
205            android:name="com.facebook.react.devsupport.DevSettingsActivity"
205-->[com.facebook.react:react-android:0.78.0] AndroidManifest.xml:20:13-77
206            android:exported="false" />
206-->[com.facebook.react:react-android:0.78.0] AndroidManifest.xml:21:13-37
207
208        <provider
208-->[androidx.work:work-runtime:2.8.0] AndroidManifest.xml:29:9-37:20
209            android:name="androidx.startup.InitializationProvider"
209-->[androidx.work:work-runtime:2.8.0] AndroidManifest.xml:30:13-67
210            android:authorities="com.DainaApp.androidx-startup"
210-->[androidx.work:work-runtime:2.8.0] AndroidManifest.xml:31:13-68
211            android:exported="false" >
211-->[androidx.work:work-runtime:2.8.0] AndroidManifest.xml:32:13-37
212            <meta-data
212-->[androidx.work:work-runtime:2.8.0] AndroidManifest.xml:34:13-36:52
213                android:name="androidx.work.WorkManagerInitializer"
213-->[androidx.work:work-runtime:2.8.0] AndroidManifest.xml:35:17-68
214                android:value="androidx.startup" />
214-->[androidx.work:work-runtime:2.8.0] AndroidManifest.xml:36:17-49
215            <meta-data
215-->[androidx.emoji2:emoji2:1.3.0] AndroidManifest.xml:29:13-31:52
216                android:name="androidx.emoji2.text.EmojiCompatInitializer"
216-->[androidx.emoji2:emoji2:1.3.0] AndroidManifest.xml:30:17-75
217                android:value="androidx.startup" />
217-->[androidx.emoji2:emoji2:1.3.0] AndroidManifest.xml:31:17-49
218            <meta-data
218-->[androidx.lifecycle:lifecycle-process:2.8.7] AndroidManifest.xml:29:13-31:52
219                android:name="androidx.lifecycle.ProcessLifecycleInitializer"
219-->[androidx.lifecycle:lifecycle-process:2.8.7] AndroidManifest.xml:30:17-78
220                android:value="androidx.startup" />
220-->[androidx.lifecycle:lifecycle-process:2.8.7] AndroidManifest.xml:31:17-49
221            <meta-data
221-->[androidx.profileinstaller:profileinstaller:1.4.1] AndroidManifest.xml:29:13-31:52
222                android:name="androidx.profileinstaller.ProfileInstallerInitializer"
222-->[androidx.profileinstaller:profileinstaller:1.4.1] AndroidManifest.xml:30:17-85
223                android:value="androidx.startup" />
223-->[androidx.profileinstaller:profileinstaller:1.4.1] AndroidManifest.xml:31:17-49
224        </provider>
225
226        <service
226-->[androidx.work:work-runtime:2.8.0] AndroidManifest.xml:39:9-45:35
227            android:name="androidx.work.impl.background.systemalarm.SystemAlarmService"
227-->[androidx.work:work-runtime:2.8.0] AndroidManifest.xml:40:13-88
228            android:directBootAware="false"
228-->[androidx.work:work-runtime:2.8.0] AndroidManifest.xml:41:13-44
229            android:enabled="@bool/enable_system_alarm_service_default"
229-->[androidx.work:work-runtime:2.8.0] AndroidManifest.xml:42:13-72
230            android:exported="false" />
230-->[androidx.work:work-runtime:2.8.0] AndroidManifest.xml:43:13-37
231        <service
231-->[androidx.work:work-runtime:2.8.0] AndroidManifest.xml:46:9-52:35
232            android:name="androidx.work.impl.background.systemjob.SystemJobService"
232-->[androidx.work:work-runtime:2.8.0] AndroidManifest.xml:47:13-84
233            android:directBootAware="false"
233-->[androidx.work:work-runtime:2.8.0] AndroidManifest.xml:48:13-44
234            android:enabled="@bool/enable_system_job_service_default"
234-->[androidx.work:work-runtime:2.8.0] AndroidManifest.xml:49:13-70
235            android:exported="true"
235-->[androidx.work:work-runtime:2.8.0] AndroidManifest.xml:50:13-36
236            android:permission="android.permission.BIND_JOB_SERVICE" />
236-->[androidx.work:work-runtime:2.8.0] AndroidManifest.xml:51:13-69
237        <service
237-->[androidx.work:work-runtime:2.8.0] AndroidManifest.xml:53:9-59:35
238            android:name="androidx.work.impl.foreground.SystemForegroundService"
238-->[androidx.work:work-runtime:2.8.0] AndroidManifest.xml:54:13-81
239            android:directBootAware="false"
239-->[androidx.work:work-runtime:2.8.0] AndroidManifest.xml:55:13-44
240            android:enabled="@bool/enable_system_foreground_service_default"
240-->[androidx.work:work-runtime:2.8.0] AndroidManifest.xml:56:13-77
241            android:exported="false" />
241-->[androidx.work:work-runtime:2.8.0] AndroidManifest.xml:57:13-37
242
243        <receiver
243-->[androidx.work:work-runtime:2.8.0] AndroidManifest.xml:61:9-66:35
244            android:name="androidx.work.impl.utils.ForceStopRunnable$BroadcastReceiver"
244-->[androidx.work:work-runtime:2.8.0] AndroidManifest.xml:62:13-88
245            android:directBootAware="false"
245-->[androidx.work:work-runtime:2.8.0] AndroidManifest.xml:63:13-44
246            android:enabled="true"
246-->[androidx.work:work-runtime:2.8.0] AndroidManifest.xml:64:13-35
247            android:exported="false" />
247-->[androidx.work:work-runtime:2.8.0] AndroidManifest.xml:65:13-37
248        <receiver
248-->[androidx.work:work-runtime:2.8.0] AndroidManifest.xml:67:9-77:20
249            android:name="androidx.work.impl.background.systemalarm.ConstraintProxy$BatteryChargingProxy"
249-->[androidx.work:work-runtime:2.8.0] AndroidManifest.xml:68:13-106
250            android:directBootAware="false"
250-->[androidx.work:work-runtime:2.8.0] AndroidManifest.xml:69:13-44
251            android:enabled="false"
251-->[androidx.work:work-runtime:2.8.0] AndroidManifest.xml:70:13-36
252            android:exported="false" >
252-->[androidx.work:work-runtime:2.8.0] AndroidManifest.xml:71:13-37
253            <intent-filter>
253-->[androidx.work:work-runtime:2.8.0] AndroidManifest.xml:73:13-76:29
254                <action android:name="android.intent.action.ACTION_POWER_CONNECTED" />
254-->[androidx.work:work-runtime:2.8.0] AndroidManifest.xml:74:17-87
254-->[androidx.work:work-runtime:2.8.0] AndroidManifest.xml:74:25-84
255                <action android:name="android.intent.action.ACTION_POWER_DISCONNECTED" />
255-->[androidx.work:work-runtime:2.8.0] AndroidManifest.xml:75:17-90
255-->[androidx.work:work-runtime:2.8.0] AndroidManifest.xml:75:25-87
256            </intent-filter>
257        </receiver>
258        <receiver
258-->[androidx.work:work-runtime:2.8.0] AndroidManifest.xml:78:9-88:20
259            android:name="androidx.work.impl.background.systemalarm.ConstraintProxy$BatteryNotLowProxy"
259-->[androidx.work:work-runtime:2.8.0] AndroidManifest.xml:79:13-104
260            android:directBootAware="false"
260-->[androidx.work:work-runtime:2.8.0] AndroidManifest.xml:80:13-44
261            android:enabled="false"
261-->[androidx.work:work-runtime:2.8.0] AndroidManifest.xml:81:13-36
262            android:exported="false" >
262-->[androidx.work:work-runtime:2.8.0] AndroidManifest.xml:82:13-37
263            <intent-filter>
263-->[androidx.work:work-runtime:2.8.0] AndroidManifest.xml:84:13-87:29
264                <action android:name="android.intent.action.BATTERY_OKAY" />
264-->[androidx.work:work-runtime:2.8.0] AndroidManifest.xml:85:17-77
264-->[androidx.work:work-runtime:2.8.0] AndroidManifest.xml:85:25-74
265                <action android:name="android.intent.action.BATTERY_LOW" />
265-->[androidx.work:work-runtime:2.8.0] AndroidManifest.xml:86:17-76
265-->[androidx.work:work-runtime:2.8.0] AndroidManifest.xml:86:25-73
266            </intent-filter>
267        </receiver>
268        <receiver
268-->[androidx.work:work-runtime:2.8.0] AndroidManifest.xml:89:9-99:20
269            android:name="androidx.work.impl.background.systemalarm.ConstraintProxy$StorageNotLowProxy"
269-->[androidx.work:work-runtime:2.8.0] AndroidManifest.xml:90:13-104
270            android:directBootAware="false"
270-->[androidx.work:work-runtime:2.8.0] AndroidManifest.xml:91:13-44
271            android:enabled="false"
271-->[androidx.work:work-runtime:2.8.0] AndroidManifest.xml:92:13-36
272            android:exported="false" >
272-->[androidx.work:work-runtime:2.8.0] AndroidManifest.xml:93:13-37
273            <intent-filter>
273-->[androidx.work:work-runtime:2.8.0] AndroidManifest.xml:95:13-98:29
274                <action android:name="android.intent.action.DEVICE_STORAGE_LOW" />
274-->[androidx.work:work-runtime:2.8.0] AndroidManifest.xml:96:17-83
274-->[androidx.work:work-runtime:2.8.0] AndroidManifest.xml:96:25-80
275                <action android:name="android.intent.action.DEVICE_STORAGE_OK" />
275-->[androidx.work:work-runtime:2.8.0] AndroidManifest.xml:97:17-82
275-->[androidx.work:work-runtime:2.8.0] AndroidManifest.xml:97:25-79
276            </intent-filter>
277        </receiver>
278        <receiver